<?xml version="1.0" encoding="UTF-8"?>
<!-- Generated by org.testng.reporters.JUnitReportReporter -->
<testsuite skipped="0" hostname="DEV_TEST_JOYDIP" name="Rest.PostDetails" tests="1" failures="0" timestamp="01 Feb 2019 07:09:42 GMT" time="2.878" errors="0">
  <testcase name="PostWeatherDetails" time="2.878" classname="Rest.PostDetails"/>
</testsuite> <!-- Rest.PostDetails -->
