<?xml version="1.0" encoding="UTF-8"?>
<!-- Generated by org.testng.reporters.JUnitReportReporter -->
<testsuite skipped="0" hostname="DEV_TEST_JOYDIP" name="Rest.GetDetails" tests="1" failures="0" timestamp="04 Feb 2019 08:45:01 GMT" time="2.447" errors="0">
  <testcase name="GetWeatherDetails" time="2.447" classname="Rest.GetDetails"/>
</testsuite> <!-- Rest.GetDetails -->
