<?xml version="1.0" encoding="UTF-8"?>
<!-- Generated by org.testng.reporters.JUnitReportReporter -->
<testsuite skipped="0" hostname="DEV_TEST_JOYDIP" name="Rest.Resttest" tests="1" failures="0" timestamp="31 Jan 2019 11:07:07 GMT" time="2.176" errors="0">
  <testcase name="GetWeatherDetails" time="2.176" classname="Rest.Resttest"/>
</testsuite> <!-- Rest.Resttest -->
